16:24:34
    主干同步到审核服   10%   
    测试任务   0%   

16:25:17
    主干同步到审核服   20%   
    测试任务   0%   

16:25:39
    主干同步到审核服   30%   
    测试任务   0%   

16:25:54
    主干同步到审核服   40%   
    测试任务   0%   

16:26:21
    主干同步到审核服   70%   
    测试任务   0%   

16:30:44
    主干同步到审核服   30%   
    测试任务   0%   

16:30:48
    主干同步到审核服   30   
    测试任务   0%   

16:30:48
    主干同步到审核服   3   
    测试任务   0%   

16:30:49
    主干同步到审核服      
    测试任务   0%   

16:30:53
    主干同步到审核服   4   
    测试任务   0%   

16:30:53
    主干同步到审核服   40   
    测试任务   0%   

16:31:47
    主干同步到审核服   30%   
    测试任务   0%   

16:31:50
    主干同步到审核服   30   
    测试任务   0%   

16:31:50
    主干同步到审核服   3   
    测试任务   0%   

16:31:51
    主干同步到审核服      
    测试任务   0%   

16:31:54
    主干同步到审核服   1   
    测试任务   0%   

16:31:54
    主干同步到审核服   10%   
    测试任务   0%   

16:32:33
    主干同步到审核服   10%   
    测试任务   0%   

16:32:39
    主干同步到审核服   20%   
    测试任务   0%   

16:32:46
    主干同步到审核服   30%   
    测试任务   0%   

16:32:50
    主干同步到审核服   40   
    测试任务   0%   

16:32:52
    主干同步到审核服   50   
    测试任务   0%   

16:32:55
    主干同步到审核服   60%   
    测试任务   0%   

16:32:58
    主干同步到审核服   10%   
    测试任务   0%   

16:33:04
    主干同步到审核服   20%   
    测试任务   0%   

16:35:47
    主干同步到审核服   10%   
    测试任务   0%   

16:35:53
    主干同步到审核服   20%   
    测试任务   0%   

16:35:55
    主干同步到审核服   20%   
    测试任务   30%   

16:36:10
    主干同步到审核服   20%   
    测试任务   30%   
       10%   

16:36:43
    主干同步到审核服   0%   
    测试任务   0%   
       0   

16:36:43
    主干同步到审核服   0%   
    测试任务   0%   
          

16:36:45
    主干同步到审核服   0%   
    测试任务   0%   
       1   

16:36:45
    主干同步到审核服   0%   
    测试任务   0%   
       10%   

16:39:15
    主干同步到审核服   10%   
    测试任务   0%   

16:39:21
    主干同步到审核服   20%   
    测试任务   0%   

16:39:30
    主干同步到审核服   20%   
    测试任务   0%   
       10%   

16:40:09
    主干同步到审核服   20%   
    测试任务   0%   

16:40:11
    主干同步到审核服   20%   
    测试任务   30%   

16:51:24
    主干同步到审核服   20%   
    测试任务   0%   

16:51:31
    主干同步到审核服   20%   
    测试任务   50%   

16:51:38
    主干同步到审核服   20%   
    测试任务   50%   
       40%   

17:05:56
    主干同步到审核服   30%   
    测试任务   50%   
       40%   

17:05:59
    主干同步到审核服   30%   
    测试任务   70%   
       40%   

17:06:03
    主干同步到审核服   30%   
    测试任务   70%   
       90%   

17:06:07
    主干同步到审核服   30%   
    测试任务   70%   
       100%   

